<?xml version="1.0" encoding="UTF-8"?>
<!-- Generated by org.testng.reporters.JUnitXMLReporter -->
<testsuite ignored="0" hostname="RIKU" failures="0" tests="3" name="Smoke Tests" time="0.133" errors="0" timestamp="2025-09-12T17:52:51 IST">
  <testcase classname="tests.LoginTest" name="@BeforeClass setDriver" time="-1.757679771763E9">
    <failure type="org.testng.TestNGException" message="
Parameter &amp;apos;browser&amp;apos; is required by BeforeClass on method setDriver but has not been marked @Optional or defined
in D:\RIKU\Internship\CRM_SALESFORCE_TASK\Sprint2\Salesforce.Automation.Testing2\AutomationTesting\smoke.xml">
      <![CDATA[org.testng.TestNGException: 
Parameter 'browser' is required by BeforeClass on method setDriver but has not been marked @Optional or defined
in D:\RIKU\Internship\CRM_SALESFORCE_TASK\Sprint2\Salesforce.Automation.Testing2\AutomationTesting\smoke.xml
at java.base/java.util.ArrayList.forEach(ArrayList.java:1596)
... Removed 22 stack frames]]>
    </failure>
  </testcase> <!-- @BeforeClass setDriver -->
  <testcase classname="tests.LoginTest" name="invalidLoginTest" time="0.0">
    <skipped/>
  </testcase> <!-- invalidLoginTest -->
  <testcase classname="tests.LoginTest" name="verifyLoginTest" time="0.0">
    <skipped/>
  </testcase> <!-- verifyLoginTest -->
  <testcase classname="tests.LoginTest" name="validLoginTest" time="0.0">
    <skipped/>
  </testcase> <!-- validLoginTest -->
</testsuite> <!-- Smoke Tests -->
